# JRE version: Java(TM) SE Runtime Environment (8.0_60-b27) (build 1.8.0_60-b27)
# Java VM: Java HotSpot(TM) 64-Bit Server VM (25.60-b23 mixed mode windows-amd64 compressed oops)
Heap:
 PSYoungGen      total 18944K, used 1371K [0x00000000eb180000, 0x00000000ec680000, 0x0000000100000000)
  eden space 16384K, 8% used [0x00000000eb180000,0x00000000eb2d6f30,0x00000000ec180000)
  from space 2560K, 0% used [0x00000000ec400000,0x00000000ec400000,0x00000000ec680000)
  to   space 2560K, 0% used [0x00000000ec180000,0x00000000ec180000,0x00000000ec400000)
 ParOldGen       total 30208K, used 11341K [0x00000000c1400000, 0x00000000c3180000, 0x00000000eb180000)
  object space 30208K, 37% used [0x00000000c1400000,0x00000000c1f13478,0x00000000c3180000)
 Metaspace       used 28088K, capacity 29393K, committed 29568K, reserved 1087488K
  class space    used 3811K, capacity 4088K, committed 4224K, reserved 1048576K
GC Heap History (10 events):
Event: 4.271 GC heap before
{Heap before GC invocations=32 (full 8):
 PSYoungGen      total 18944K, used 7731K [0x00000000eb180000, 0x00000000ec680000, 0x0000000100000000)
  eden space 16384K, 47% used [0x00000000eb180000,0x00000000eb90ccb0,0x00000000ec180000)
  from space 2560K, 0% used [0x00000000ec180000,0x00000000ec180000,0x00000000ec400000)
  to   space 2560K, 0% used [0x00000000ec400000,0x00000000ec400000,0x00000000ec680000)
 ParOldGen       total 30208K, used 9649K [0x00000000c1400000, 0x00000000c3180000, 0x00000000eb180000)
  object space 30208K, 31% used [0x00000000c1400000,0x00000000c1d6c7e8,0x00000000c3180000)
 Metaspace       used 26930K, capacity 27857K, committed 28032K, reserved 1083392K
  class space    used 3641K, capacity 3862K, committed 3968K, reserved 1048576K
Event: 4.273 GC heap after
Heap after GC invocations=32 (full 8):
 PSYoungGen      total 18944K, used 544K [0x00000000eb180000, 0x00000000ec680000, 0x0000000100000000)
  eden space 16384K, 0% used [0x00000000eb180000,0x00000000eb180000,0x00000000ec180000)
  from space 2560K, 21% used [0x00000000ec400000,0x00000000ec488000,0x00000000ec680000)
  to   space 2560K, 0% used [0x00000000ec180000,0x00000000ec180000,0x00000000ec400000)
 ParOldGen       total 30208K, used 9649K [0x00000000c1400000, 0x00000000c3180000, 0x00000000eb180000)
  object space 30208K, 31% used [0x00000000c1400000,0x00000000c1d6c7e8,0x00000000c3180000)
 Metaspace       used 26930K, capacity 27857K, committed 28032K, reserved 1083392K
  class space    used 3641K, capacity 3862K, committed 3968K, reserved 1048576K
}
Event: 4.273 GC heap before
{Heap before GC invocations=33 (full 9):
 PSYoungGen      total 18944K, used 544K [0x00000000eb180000, 0x00000000ec680000, 0x0000000100000000)
  eden space 16384K, 0% used [0x00000000eb180000,0x00000000eb180000,0x00000000ec180000)
  from space 2560K, 21% used [0x00000000ec400000,0x00000000ec488000,0x00000000ec680000)
  to   space 2560K, 0% used [0x00000000ec180000,0x00000000ec180000,0x00000000ec400000)
 ParOldGen       total 30208K, used 9649K [0x00000000c1400000, 0x00000000c3180000, 0x00000000eb180000)
  object space 30208K, 31% used [0x00000000c1400000,0x00000000c1d6c7e8,0x00000000c3180000)
 Metaspace       used 26930K, capacity 27857K, committed 28032K, reserved 1083392K
  class space    used 3641K, capacity 3862K, committed 3968K, reserved 1048576K
Event: 4.323 GC heap after
Heap after GC invocations=33 (full 9):
 PSYoungGen      total 18944K, used 0K [0x00000000eb180000, 0x00000000ec680000, 0x0000000100000000)
  eden space 16384K, 0% used [0x00000000eb180000,0x00000000eb180000,0x00000000ec180000)
  from space 2560K, 0% used [0x00000000ec400000,0x00000000ec400000,0x00000000ec680000)
  to   space 2560K, 0% used [0x00000000ec180000,0x00000000ec180000,0x00000000ec400000)
 ParOldGen       total 30208K, used 10058K [0x00000000c1400000, 0x00000000c3180000, 0x00000000eb180000)
  object space 30208K, 33% used [0x00000000c1400000,0x00000000c1dd2960,0x00000000c3180000)
 Metaspace       used 26930K, capacity 27857K, committed 28032K, reserved 1081344K
  class space    used 3641K, capacity 3862K, committed 3968K, reserved 1048576K
}
Event: 4.559 GC heap before
{Heap before GC invocations=34 (full 9):
 PSYoungGen      total 18944K, used 16384K [0x00000000eb180000, 0x00000000ec680000, 0x0000000100000000)
  eden space 16384K, 100% used [0x00000000eb180000,0x00000000ec180000,0x00000000ec180000)
  from space 2560K, 0% used [0x00000000ec400000,0x00000000ec400000,0x00000000ec680000)
  to   space 2560K, 0% used [0x00000000ec180000,0x00000000ec180000,0x00000000ec400000)
 ParOldGen       total 30208K, used 10058K [0x00000000c1400000, 0x00000000c3180000, 0x00000000eb180000)
  object space 30208K, 33% used [0x00000000c1400000,0x00000000c1dd2960,0x00000000c3180000)
 Metaspace       used 27457K, capacity 28811K, committed 28928K, reserved 1081344K
  class space    used 3742K, capacity 4023K, committed 4096K, reserved 1048576K
Event: 4.563 GC heap after
Heap after GC invocations=34 (full 9):
 PSYoungGen      total 18944K, used 1184K [0x00000000eb180000, 0x00000000ec680000, 0x0000000100000000)
  eden space 16384K, 0% used [0x00000000eb180000,0x00000000eb180000,0x00000000ec180000)
  from space 2560K, 46% used [0x00000000ec180000,0x00000000ec2a8000,0x00000000ec400000)
  to   space 2560K, 0% used [0x00000000ec400000,0x00000000ec400000,0x00000000ec680000)
 ParOldGen       total 30208K, used 10066K [0x00000000c1400000, 0x00000000c3180000, 0x00000000eb180000)
  object space 30208K, 33% used [0x00000000c1400000,0x00000000c1dd4960,0x00000000c3180000)
 Metaspace       used 27457K, capacity 28811K, committed 28928K, reserved 1081344K
  class space    used 3742K, capacity 4023K, committed 4096K, reserved 1048576K
}
Event: 4.625 GC heap before
{Heap before GC invocations=35 (full 9):
 PSYoungGen      total 18944K, used 5721K [0x00000000eb180000, 0x00000000ec680000, 0x0000000100000000)
  eden space 16384K, 27% used [0x00000000eb180000,0x00000000eb5ee530,0x00000000ec180000)
  from space 2560K, 46% used [0x00000000ec180000,0x00000000ec2a8000,0x00000000ec400000)
  to   space 2560K, 0% used [0x00000000ec400000,0x00000000ec400000,0x00000000ec680000)
 ParOldGen       total 30208K, used 10066K [0x00000000c1400000, 0x00000000c3180000, 0x00000000eb180000)
  object space 30208K, 33% used [0x00000000c1400000,0x00000000c1dd4960,0x00000000c3180000)
 Metaspace       used 27804K, capacity 29105K, committed 29312K, reserved 1087488K
  class space    used 3774K, capacity 4056K, committed 4224K, reserved 1048576K
Event: 4.628 GC heap after
Heap after GC invocations=35 (full 9):
 PSYoungGen      total 18944K, used 1582K [0x00000000eb180000, 0x00000000ec680000, 0x0000000100000000)
  eden space 16384K, 0% used [0x00000000eb180000,0x00000000eb180000,0x00000000ec180000)
  from space 2560K, 61% used [0x00000000ec400000,0x00000000ec58b850,0x00000000ec680000)
  to   space 2560K, 0% used [0x00000000ec180000,0x00000000ec180000,0x00000000ec400000)
 ParOldGen       total 30208K, used 10074K [0x00000000c1400000, 0x00000000c3180000, 0x00000000eb180000)
  object space 30208K, 33% used [0x00000000c1400000,0x00000000c1dd6960,0x00000000c3180000)
 Metaspace       used 27804K, capacity 29105K, committed 29312K, reserved 1087488K
  class space    used 3774K, capacity 4056K, committed 4224K, reserved 1048576K
}
Event: 4.628 GC heap before
{Heap before GC invocations=36 (full 10):
 PSYoungGen      total 18944K, used 1582K [0x00000000eb180000, 0x00000000ec680000, 0x0000000100000000)
  eden space 16384K, 0% used [0x00000000eb180000,0x00000000eb180000,0x00000000ec180000)
  from space 2560K, 61% used [0x00000000ec400000,0x00000000ec58b850,0x00000000ec680000)
  to   space 2560K, 0% used [0x00000000ec180000,0x00000000ec180000,0x00000000ec400000)
 ParOldGen       total 30208K, used 10074K [0x00000000c1400000, 0x00000000c3180000, 0x00000000eb180000)
  object space 30208K, 33% used [0x00000000c1400000,0x00000000c1dd6960,0x00000000c3180000)
 Metaspace       used 27804K, capacity 29105K, committed 29312K, reserved 1087488K
  class space    used 3774K, capacity 4056K, committed 4224K, reserved 1048576K
Event: 4.777 GC heap after
Heap after GC invocations=36 (full 10):
 PSYoungGen      total 18944K, used 0K [0x00000000eb180000, 0x00000000ec680000, 0x0000000100000000)
  eden space 16384K, 0% used [0x00000000eb180000,0x00000000eb180000,0x00000000ec180000)
  from space 2560K, 0% used [0x00000000ec400000,0x00000000ec400000,0x00000000ec680000)
  to   space 2560K, 0% used [0x00000000ec180000,0x00000000ec180000,0x00000000ec400000)
 ParOldGen       total 30208K, used 11341K [0x00000000c1400000, 0x00000000c3180000, 0x00000000eb180000)
  object space 30208K, 37% used [0x00000000c1400000,0x00000000c1f13478,0x00000000c3180000)
 Metaspace       used 27804K, capacity 29105K, committed 29312K, reserved 1085440K
  class space    used 3774K, capacity 4056K, committed 4224K, reserved 1048576K
}

